Monthly key is 0.
Reading power.dat...
Unknown read: 23.
Unknown read: 24.
Unknown read: 25.
Reading races.dat...
Reading channel.dat...
Loading day/year counter...
Reading conflict.dat...
Reading dam.dat...
Reading triggers and script code...
Reading script association strings...
EmlenMUD began bootup proc Mon Jul  8 12:48:59 2013
EmlenMUD finished reading area files Mon Jul  8 12:48:59 2013
Loading notes...
Loading polls... Loading clans...
Loading clans 2...
Loading topten and ratings...
Loading boats...
Loading playerbase into memory...
Loading bansites...
Loading score.dat, looking for sh_score.dat...
Loading all spells and skills...
Placing all commands in the hash table...
[Mon Jul  8 12:48:59 2013] Log z_reload_score
Reading commands.dat for command level overrides...
Loading random pops...
Loading socials...
Performing complete world repop...
MOB hps wrapped on vnum 1085.
Checking all playerbase entries and pfiles for confirmation...
Saved 0 bytes from string compression...
EmlenMUD finished bootup initialization Mon Jul  8 12:48:59 2013
[Mon Jul  8 12:48:59 2013] EmlenMud is now accepting connections on port 7777.
New connection: 152.228.147.82
Loading Uriel.
[Mon Jul  8 12:49:12 2013] Uriel@152.228.147.82 has entered the game.
MOB hps wrapped on vnum 1085.
[Mon Jul  8 12:56:51 2013] Uriel (nodesc@nodesc) has left the world.
New connection: 152.228.147.82
Loading Uriel.
[Mon Jul  8 13:21:13 2013] Uriel@152.228.147.82 has entered the game.
[Mon Jul  8 13:21:16 2013] Uriel (no_identd@152.228.147.82) has left the world.
